[22:19:19.995][CONSTRUCT][CLIENT][INFO] Starting building internal Registries
[22:19:21.645][CONSTRUCT][CLIENT][INFO] The following mods have explicit CraftTweaker support:
'aquaculture' at version '1.16.5-2.1.23'
'ars_nouveau' at version '1.25.10'
'atum' at version '1.16.5-2.2.12'
'champions' at version '1.16.5-2.0.1.15'
'crafttweaker' at version '7.1.2.501'
'farmersdelight' at version '1.16.5-0.6.0'
'gamestages' at version '7.3.14'
[22:19:22.818][CONSTRUCT][CLIENT][INFO] Completed building internal Registries
[22:19:44.018][COMMON_SETUP][CLIENT][INFO] Started loading Scripts for Loader 'setupCommon'!
[22:19:44.862][COMMON_SETUP][CLIENT][INFO] Finished loading Scripts!
[22:20:29.415][DONE][CLIENT][INFO] Started loading Scripts for Loader 'crafttweaker'!
[22:20:29.561][DONE][CLIENT][INFO] Loading file: 'gamestages\bosskills.zs' with priority: 11
[22:20:29.577][DONE][CLIENT][INFO] Loading file: 'tags.zs' with priority: 11
[22:20:29.588][DONE][CLIENT][INFO] Loading file: 'craftingTable.zs' with priority: 10
[22:20:29.590][DONE][CLIENT][INFO] Loading file: 'disablebuddycard.zs' with priority: 10
[22:20:29.590][DONE][CLIENT][INFO] Loading file: 'enchantDupeFix.zs' with priority: 10
[22:20:29.590][DONE][CLIENT][INFO] Loading file: 'examples\crafttweaker_crafting_recipes.zs' with priority: 10
[22:20:29.590][DONE][CLIENT][INFO] Loading file: 'examples\crafttweaker_events.zs' with priority: 10
[22:20:29.590][DONE][CLIENT][INFO] Loading file: 'examples\crafttweaker_hello_world.zs' with priority: 10
[22:20:29.590][DONE][CLIENT][INFO] Loading file: 'examples\crafttweaker_loot_modifiers.zs' with priority: 10
[22:20:29.591][DONE][CLIENT][INFO] Loading file: 'examples\crafttweaker_tags.zs' with priority: 10
[22:20:29.591][DONE][CLIENT][INFO] Loading file: 'furnace.zs' with priority: 10
[22:20:29.591][DONE][CLIENT][INFO] Loading file: 'gamestages\endlock.zs' with priority: 10
[22:20:29.592][DONE][CLIENT][INFO] Loading file: 'item_attributes.zs' with priority: 10
[22:20:29.594][DONE][CLIENT][INFO] Loading file: 'jei-hide.zs' with priority: 10
[22:20:29.594][DONE][CLIENT][INFO] Loading file: 'ladder.zs' with priority: 10
[22:20:29.601][DONE][CLIENT][INFO] Loading file: 'magicTome.zs' with priority: 10
[22:20:29.603][DONE][CLIENT][INFO] Loading file: 'miningLevel.zs' with priority: 10
[22:20:29.605][DONE][CLIENT][INFO] Loading file: 'noflying.zs' with priority: 10
[22:20:29.607][DONE][CLIENT][INFO] Loading file: 'spartanreachFix.zs' with priority: 10
[22:20:29.609][DONE][CLIENT][INFO] Loading file: 'spawnItems.zs' with priority: 10
[22:20:29.609][DONE][CLIENT][INFO] Loading file: 'stackSize.zs' with priority: 10
[22:20:29.609][DONE][CLIENT][INFO] Loading file: 'titles.zs' with priority: 10
[22:20:29.610][DONE][CLIENT][INFO] Loading file: 'villagertrades.zs' with priority: 10
[22:20:29.612][DONE][CLIENT][INFO] Loading file: 'yurtingBlacklist.zs' with priority: 10
[22:20:29.852][DONE][CLIENT][INFO] Registering event listener for AdvancementEvent.
[22:20:29.853][DONE][CLIENT][INFO] Registering event listener for LivingDeathEvent.
[22:20:29.853][DONE][CLIENT][INFO] Registering event listener for PlayerChangedDimensionEvent.
[22:20:29.854][DONE][CLIENT][INFO] Registering event listener for LivingDeathEvent.
[22:20:29.854][DONE][CLIENT][INFO] Registering event listener for PlayerLoggedInEvent.
[22:20:29.855][DONE][CLIENT][INFO] Registering event listener for Added.
[22:20:29.859][DONE][CLIENT][INFO] Adding tier 3 to stage Wither_Wiper
[22:20:29.869][DONE][CLIENT][INFO] Adding tier 5 to stage Ender_Ender
[22:20:29.891][DONE][CLIENT][INFO] Adding: [Block{byg:meadow_grass_block}] to tag: <tag:blocks:twilightforest:portal/edge>
[22:20:29.897][DONE][CLIENT][INFO] Removing: [collector_remote] from tag: <tag:items:curios:charm>
[22:20:29.926][DONE][CLIENT][INFO] Registering new items tag with name <tag:items:forge:chef_upgrade_items>
[22:20:29.927][DONE][CLIENT][INFO] Registering new items tag with name <tag:items:questtag:sleepingbag>
[22:20:29.927][DONE][CLIENT][INFO] Adding: [palm_planks,mahogany_planks] to tag: <tag:items:minecraft:planks>
[22:20:29.927][DONE][CLIENT][INFO] Adding: [aridrock_gold_ore,limestone_gold_ore,aridrock_iron_ore,limestone_iron_ore,aridrock_coal_ore,limestone_coal_ore,aridrock_lapis_ore,limestone_lapis_ore,aridrock_redstone_ore,limestone_redstone_ore,aridrock_diamond_ore,limestone_diamond_ore,raw_silver,basalt_iron_ore,tungsten_ore,luminis_ore,randomite_ore,chorundum_ore,chorundum_ore,end_shard_ore,bone_ore,relic_ore] to tag: <tag:items:forge:ores>
[22:20:29.928][DONE][CLIENT][INFO] Adding: [aridrock_gold_ore,limestone_gold_ore,brimstone_nether_gold_ore,blue_nether_gold_ore] to tag: <tag:items:forge:ores/gold>
[22:20:29.928][DONE][CLIENT][INFO] Adding: [aridrock_iron_ore,limestone_iron_ore,basalt_iron_ore] to tag: <tag:items:forge:ores/iron>
[22:20:29.928][DONE][CLIENT][INFO] Adding: [aridrock_coal_ore,limestone_coal_ore] to tag: <tag:items:forge:ores/coal>
[22:20:29.928][DONE][CLIENT][INFO] Adding: [aridrock_lapis_ore,limestone_lapis_ore] to tag: <tag:items:forge:ores/lapis>
[22:20:29.928][DONE][CLIENT][INFO] Adding: [aridrock_redstone_ore,limestone_redstone_ore] to tag: <tag:items:forge:ores/redstone>
[22:20:29.928][DONE][CLIENT][INFO] Adding: [aridrock_diamond_ore,limestone_diamond_ore] to tag: <tag:items:forge:ores/diamond>
[22:20:29.928][DONE][CLIENT][INFO] Registering new items tag with name <tag:items:forge:ores/tungsten>
[22:20:29.928][DONE][CLIENT][INFO] Adding: [raw_silver] to tag: <tag:items:forge:ores/silver>
[22:20:29.928][DONE][CLIENT][INFO] Registering new items tag with name <tag:items:forge:ores/amethyst>
[22:20:29.928][DONE][CLIENT][INFO] Adding: [blue_nether_quartz_ore,brimstone_nether_quartz_ore] to tag: <tag:items:forge:ores/quartz>
[22:20:29.929][DONE][CLIENT][INFO] Adding: [Block{darkerdepths:aridrock_gold_ore},Block{darkerdepths:limestone_gold_ore},Block{darkerdepths:aridrock_iron_ore},Block{darkerdepths:limestone_iron_ore},Block{darkerdepths:aridrock_coal_ore},Block{darkerdepths:limestone_coal_ore},Block{darkerdepths:aridrock_lapis_ore},Block{darkerdepths:limestone_lapis_ore},Block{darkerdepths:aridrock_redstone_ore},Block{darkerdepths:limestone_redstone_ore},Block{darkerdepths:aridrock_diamond_ore},Block{darkerdepths:limestone_diamond_ore},Block{infernalexp:basalt_iron_ore},Block{stalwart_dungeons:tungsten_ore},Block{buddycards:luminis_ore},Block{randomite:randomite_ore},Block{stalwart_dungeons:chorundum_ore},Block{stalwart_dungeons:chorundum_ore},Block{majruszs_difficulty:end_shard_ore},Block{atum:bone_ore},Block{atum:relic_ore}] to tag: <tag:blocks:forge:ores>
[22:20:29.929][DONE][CLIENT][INFO] Adding: [Block{darkerdepths:aridrock_gold_ore},Block{darkerdepths:limestone_gold_ore},Block{byg:brimstone_nether_gold_ore},Block{byg:blue_nether_gold_ore}] to tag: <tag:blocks:forge:ores/gold>
[22:20:29.929][DONE][CLIENT][INFO] Adding: [Block{darkerdepths:aridrock_iron_ore},Block{darkerdepths:limestone_iron_ore},Block{infernalexp:basalt_iron_ore}] to tag: <tag:blocks:forge:ores/iron>
[22:20:29.929][DONE][CLIENT][INFO] Adding: [Block{darkerdepths:aridrock_coal_ore},Block{darkerdepths:limestone_coal_ore}] to tag: <tag:blocks:forge:ores/coal>
[22:20:29.929][DONE][CLIENT][INFO] Adding: [Block{darkerdepths:aridrock_lapis_ore},Block{darkerdepths:limestone_lapis_ore}] to tag: <tag:blocks:forge:ores/lapis>
[22:20:29.929][DONE][CLIENT][INFO] Adding: [Block{darkerdepths:aridrock_redstone_ore},Block{darkerdepths:limestone_redstone_ore}] to tag: <tag:blocks:forge:ores/redstone>
[22:20:29.929][DONE][CLIENT][INFO] Adding: [Block{darkerdepths:aridrock_diamond_ore},Block{darkerdepths:limestone_diamond_ore}] to tag: <tag:blocks:forge:ores/diamond>
[22:20:29.929][DONE][CLIENT][INFO] Registering new blocks tag with name <tag:blocks:forge:ores/tungsten>
[22:20:29.929][DONE][CLIENT][INFO] Registering new blocks tag with name <tag:blocks:forge:ores/amethyst>
[22:20:29.930][DONE][CLIENT][INFO] Adding: [Block{byg:blue_nether_quartz_ore},Block{byg:brimstone_nether_quartz_ore}] to tag: <tag:blocks:forge:ores/quartz>
[22:20:29.956][DONE][CLIENT][INFO] Removing "minecraft:crafting" recipes with output: <item:berry_nice:goldensweetberry>"
[22:20:29.969][DONE][CLIENT][INFO] Removing "minecraft:crafting" recipes with output: <item:brewevolution:full_dried_bread>"
[22:20:29.983][DONE][CLIENT][INFO] Removing "minecraft:crafting" recipes with output: <item:usefulhats:wing_helmet>"
[22:20:29.993][DONE][CLIENT][INFO] Removing "minecraft:crafting" recipes with output: <item:usefulhats:straw_hat>"
[22:20:30.001][DONE][CLIENT][INFO] Removing "minecraft:crafting" recipes with output: <item:usefulhats:shulker_helmet>"
[22:20:30.010][DONE][CLIENT][INFO] Removing "minecraft:crafting" recipes with output: <item:usefulhats:chopping_hat>"
[22:20:30.020][DONE][CLIENT][INFO] Removing "minecraft:crafting" recipes with output: <item:usefulhats:ender_helmet>"
[22:20:30.027][DONE][CLIENT][INFO] Removing "minecraft:crafting" recipes with output: <item:usefulhats:halo>"
[22:20:30.032][DONE][CLIENT][INFO] Removing "minecraft:crafting" recipes with output: <item:usefulhats:mining_hat>"
[22:20:30.038][DONE][CLIENT][INFO] Removing "minecraft:crafting" recipes with output: <item:usefulhats:lucky_hat>"
[22:20:30.045][DONE][CLIENT][INFO] Removing "minecraft:crafting" recipes with output: <item:waystones:waystone>"
[22:20:30.049][DONE][CLIENT][INFO] Removing "minecraft:crafting" recipes with output: <item:waystones:mossy_waystone>"
[22:20:30.055][DONE][CLIENT][INFO] Removing "minecraft:crafting" recipes with output: <item:waystones:sandy_waystone>"
[22:20:30.060][DONE][CLIENT][INFO] Removing "minecraft:crafting" recipes with output: <item:waystones:sharestone>"
[22:20:30.064][DONE][CLIENT][INFO] Removing "minecraft:crafting" recipes with output: <item:waystones:bound_scroll>"
[22:20:30.069][DONE][CLIENT][INFO] Removing "minecraft:crafting" recipes with output: <item:waystones:warp_scroll>"
[22:20:30.076][DONE][CLIENT][INFO] Removing "minecraft:crafting" recipes with output: <item:waystones:warp_stone>"
[22:20:30.082][DONE][CLIENT][INFO] Removing "minecraft:crafting" recipes with output: <item:waystones:warp_plate>"
[22:20:30.087][DONE][CLIENT][INFO] Removing "minecraft:crafting" recipes with output: <item:greekfantasy:golden_apple_sapling>"
[22:20:30.092][DONE][CLIENT][INFO] Removing "minecraft:crafting" recipes with output: <item:minecraft:enchanted_golden_apple>"
[22:20:30.117][DONE][CLIENT][INFO] Adding "minecraft:crafting" recipe, of type: "shaped", with name: "crafttweaker:white_chair" that outputs: <item:tropicraft:white_chair>.mutable()
[22:20:30.117][DONE][CLIENT][INFO] Removing "minecraft:crafting" recipes with output: <item:apotheosis:hellshelf>"
[22:20:30.131][DONE][CLIENT][INFO] Adding "minecraft:crafting" recipe, of type: "shaped", with name: "crafttweaker:hellshelf" that outputs: <item:apotheosis:hellshelf>.mutable()
[22:20:30.131][DONE][CLIENT][INFO] Removing "minecraft:crafting" recipes with output: <item:ars_nouveau:novice_spell_book>"
[22:20:30.138][DONE][CLIENT][INFO] Adding "minecraft:crafting" recipe, of type: "shaped", with name: "crafttweaker:novice_spellbook" that outputs: <item:ars_nouveau:novice_spell_book>.mutable()
[22:20:30.138][DONE][CLIENT][INFO] Removing "minecraft:crafting" recipes with output: <item:mining_dimension:teleporter>"
[22:20:30.143][DONE][CLIENT][INFO] Adding "minecraft:crafting" recipe, of type: "shaped", with name: "crafttweaker:mining_dim_teleporter" that outputs: <item:mining_dimension:teleporter>.mutable()
[22:20:30.143][DONE][CLIENT][INFO] Removing "minecraft:crafting" recipes with output: <item:enigmaticlegacy:gem_ring>"
[22:20:30.149][DONE][CLIENT][INFO] Adding "minecraft:crafting" recipe, of type: "shaped", with name: "crafttweaker:enigmatic_gold_ring" that outputs: <item:enigmaticlegacy:gem_ring>.mutable()
[22:20:30.154][DONE][CLIENT][INFO] Removing "minecraft:crafting" recipe with name: "vanillafoodpantry:optional/blazerod_from_lava_sand"
[22:20:30.155][DONE][CLIENT][INFO] Removing "minecraft:crafting" recipe with name: "vanillafoodpantry:optional/ender_eye_from_lava_sand"
[22:20:30.155][DONE][CLIENT][INFO] Removing "minecraft:crafting" recipe with name: "vanillafoodpantry:optional/magma_cream_from_lava_sand"
[22:20:30.156][DONE][CLIENT][INFO] Adding "minecraft:crafting" recipe, of type: "shapeless", with name: "crafttweaker:stringball" that outputs: <item:minecraft:string> * 2.mutable()
[22:20:30.157][DONE][CLIENT][INFO] Adding "minecraft:crafting" recipe, of type: "shaped", with name: "crafttweaker:gloves_digging_diamond" that outputs: <item:bountifulbaubles:gloves_digging_diamond>.mutable()
[22:20:30.157][DONE][CLIENT][INFO] Removing "minecraft:crafting" recipe with name: "rats:rat_upgrade_chef"
[22:20:30.157][DONE][CLIENT][INFO] Adding "minecraft:crafting" recipe, of type: "shaped", with name: "crafttweaker:rats_upgrade_chef" that outputs: <item:rats:rat_upgrade_chef>.mutable()
[22:20:30.157][DONE][CLIENT][INFO] Removing "minecraft:crafting" recipe with name: "sophisticatedbackpacks:crafting_upgrade"
[22:20:30.159][DONE][CLIENT][INFO] Adding "minecraft:crafting" recipe, of type: "shaped", with name: "crafttweaker:backpack_crafting_upgrade" that outputs: <item:sophisticatedbackpacks:crafting_upgrade>.mutable()
[22:20:30.159][DONE][CLIENT][INFO] Adding "minecraft:crafting" recipe, of type: "shaped", with name: "crafttweaker:cursed_ring" that outputs: <item:enigmaticlegacy:cursed_ring>.mutable()
[22:20:30.160][DONE][CLIENT][INFO] Removing "minecraft:crafting" recipe with name: "tombstone:enchanted_grave_key"
[22:20:30.198][DONE][CLIENT][INFO] Adding "minecraft:crafting" recipe, of type: "shapeless", with name: "crafttweaker:any_silver_ingot_convert_darkerdepths" that outputs: <item:darkerdepths:silver_ingot>.mutable()
[22:20:30.203][DONE][CLIENT][INFO] Adding "minecraft:crafting" recipe, of type: "shapeless", with name: "crafttweaker:any_copper_ingot_convert_mysticalworld" that outputs: <item:mysticalworld:copper_ingot>.mutable()
[22:20:30.204][DONE][CLIENT][INFO] Adding "minecraft:crafting" recipe, of type: "shapeless", with name: "crafttweaker:any_silver_ingot_convert_mysticalworld" that outputs: <item:mysticalworld:silver_ingot>.mutable()
[22:20:30.211][DONE][CLIENT][INFO] Adding "minecraft:crafting" recipe, of type: "shapeless", with name: "crafttweaker:any_silver_ingot_convert_iceandfire" that outputs: <item:iceandfire:silver_ingot>.mutable()
[22:20:30.212][DONE][CLIENT][INFO] Adding "minecraft:crafting" recipe, of type: "shapeless", with name: "crafttweaker:any_copper_ingot_convert_iceandfire" that outputs: <item:iceandfire:copper_ingot>.mutable()
[22:20:30.225][DONE][CLIENT][INFO] Removing "minecraft:crafting" recipe with names that match the regex: "buddycards:.*_card_display"
[22:20:30.232][DONE][CLIENT][INFO] Registering event listener for AnvilUpdateEvent.
[22:20:30.232][DONE][CLIENT][INFO] Removing "minecraft:smelting" recipe with name: "stalwart_dungeons:tungsten_ingot_recipe"
[22:20:30.233][DONE][CLIENT][INFO] Removing "minecraft:blasting" recipe with name: "stalwart_dungeons:tungsten_ingot_recipe_2"
[22:20:30.234][DONE][CLIENT][INFO] Adding "minecraft:blasting" recipe, with name: "crafttweaker:tungsten_ingot_from_ore_blast" that outputs: <item:stalwart_dungeons:tungsten_ingot>.mutable()
[22:20:30.234][DONE][CLIENT][INFO] Removing "minecraft:smelting" recipe with name: "brewevolution:dried_bread_recipe"
[22:20:30.234][DONE][CLIENT][INFO] Removing "minecraft:smoking" recipe with name: "brewevolution:dried_bread_recipe_2"
[22:20:30.234][DONE][CLIENT][INFO] Removing "minecraft:smelting" recipes with output: <item:mysticalworld:silver_ingot>"
[22:20:30.235][DONE][CLIENT][INFO] Removing "minecraft:blasting" recipes with output: <item:mysticalworld:silver_ingot>"
[22:20:30.236][DONE][CLIENT][INFO] Registering event listener for PlayerTickEvent.
[22:20:30.253][DONE][CLIENT][INFO] Modifying Attributes of: <item:blue_skies:debug_sword>.anyDamage()
[22:20:30.253][DONE][CLIENT][INFO] Modifying Attributes of: <item:tropicraft:bamboo_spear>.anyDamage()
[22:20:30.254][DONE][CLIENT][INFO] Modifying Attributes of: <item:iceandfire:armor_silver_metal_helmet>.anyDamage()
[22:20:30.254][DONE][CLIENT][INFO] Modifying Attributes of: <item:iceandfire:armor_silver_metal_chestplate>.anyDamage()
[22:20:30.254][DONE][CLIENT][INFO] Modifying Attributes of: <item:iceandfire:armor_silver_metal_leggings>.anyDamage()
[22:20:30.254][DONE][CLIENT][INFO] Modifying Attributes of: <item:iceandfire:armor_silver_metal_boots>.anyDamage()
[22:20:30.258][DONE][CLIENT][INFO] Set the max damage of <item:twilightforest:ore_magnet> to 64.
[22:20:30.258][DONE][CLIENT][INFO] Modifying Attributes of: <item:tombstone:christmas_hat>.anyDamage()
[22:20:30.259][DONE][CLIENT][INFO] Modifying Attributes of: <item:tombstone:christmas_hat>.anyDamage()
[22:20:30.272][DONE][CLIENT][INFO] Modifying Attributes of: <item:atum:anubis_wrath>.anyDamage()
[22:20:30.272][DONE][CLIENT][INFO] Modifying Attributes of: <item:eidolon:reaper_scythe>.anyDamage()
[22:20:30.325][DONE][CLIENT][INFO] Batching replacement for recipes from mods {gateways}, but excluding recipes {gateways:enderman_gate, gateways:enderman_gate_large, gateways:enderman_gate_small} according to replacement rules {Replacing stacks <item:minecraft:ender_pearl> --> <item:paraglider:spirit_orb>}
[22:20:30.448][DONE][CLIENT][INFO] - Replacing "minecraft:crafting" recipe with name "gateways:witch_gate_small", renaming it to "crafttweaker:autogenerated/gateways.witch_gate_small"
[22:20:30.451][DONE][CLIENT][INFO] - Replacing "minecraft:crafting" recipe with name "gateways:spider_gate_small", renaming it to "crafttweaker:autogenerated/gateways.spider_gate_small"
[22:20:30.454][DONE][CLIENT][INFO] - Replacing "minecraft:crafting" recipe with name "gateways:magma_cube_gate_small", renaming it to "crafttweaker:autogenerated/gateways.magma_cube_gate_small"
[22:20:30.458][DONE][CLIENT][INFO] - Replacing "minecraft:crafting" recipe with name "gateways:shulker_gate_small", renaming it to "crafttweaker:autogenerated/gateways.shulker_gate_small"
[22:20:30.458][DONE][CLIENT][INFO] - Replacing "minecraft:crafting" recipe with name "gateways:skeleton_gate_small", renaming it to "crafttweaker:autogenerated/gateways.skeleton_gate_small"
[22:20:30.459][DONE][CLIENT][INFO] - Replacing "minecraft:crafting" recipe with name "gateways:ghast_gate_small", renaming it to "crafttweaker:autogenerated/gateways.ghast_gate_small"
[22:20:30.459][DONE][CLIENT][INFO] - Replacing "minecraft:crafting" recipe with name "gateways:slime_gate_small", renaming it to "crafttweaker:autogenerated/gateways.slime_gate_small"
[22:20:30.459][DONE][CLIENT][INFO] - Replacing "minecraft:crafting" recipe with name "gateways:blaze_gate_small", renaming it to "crafttweaker:autogenerated/gateways.blaze_gate_small"
[22:20:30.461][DONE][CLIENT][INFO] - Replacing "minecraft:crafting" recipe with name "gateways:zombie_gate_small", renaming it to "crafttweaker:autogenerated/gateways.zombie_gate_small"
[22:20:30.462][DONE][CLIENT][INFO] - Replacing "minecraft:crafting" recipe with name "gateways:creeper_gate_small", renaming it to "crafttweaker:autogenerated/gateways.creeper_gate_small"
[22:20:30.467][DONE][CLIENT][INFO] Batch replacement completed
[22:20:30.475][DONE][CLIENT][INFO] Batching replacement for recipes from mods {gateways}, but excluding recipes {gateways:enderman_gate} according to replacement rules {Replacing stacks <item:minecraft:ender_eye> --> <item:cofh_core:ectoplasm>}
[22:20:30.483][DONE][CLIENT][INFO] - Replacing "minecraft:crafting" recipe with name "gateways:shulker_gate", renaming it to "crafttweaker:autogenerated/gateways.shulker_gate"
[22:20:30.485][DONE][CLIENT][INFO] - Replacing "minecraft:crafting" recipe with name "gateways:skeleton_gate", renaming it to "crafttweaker:autogenerated/gateways.skeleton_gate"
[22:20:30.485][DONE][CLIENT][INFO] - Replacing "minecraft:crafting" recipe with name "gateways:zombie_gate", renaming it to "crafttweaker:autogenerated/gateways.zombie_gate"
[22:20:30.485][DONE][CLIENT][INFO] - Replacing "minecraft:crafting" recipe with name "gateways:magma_cube_gate", renaming it to "crafttweaker:autogenerated/gateways.magma_cube_gate"
[22:20:30.486][DONE][CLIENT][INFO] - Replacing "minecraft:crafting" recipe with name "gateways:slime_gate", renaming it to "crafttweaker:autogenerated/gateways.slime_gate"
[22:20:30.487][DONE][CLIENT][INFO] - Replacing "minecraft:crafting" recipe with name "gateways:ghast_gate", renaming it to "crafttweaker:autogenerated/gateways.ghast_gate"
[22:20:30.487][DONE][CLIENT][INFO] - Replacing "minecraft:crafting" recipe with name "gateways:blaze_gate", renaming it to "crafttweaker:autogenerated/gateways.blaze_gate"
[22:20:30.489][DONE][CLIENT][INFO] - Replacing "minecraft:crafting" recipe with name "gateways:spider_gate", renaming it to "crafttweaker:autogenerated/gateways.spider_gate"
[22:20:30.491][DONE][CLIENT][INFO] - Replacing "minecraft:crafting" recipe with name "gateways:creeper_gate", renaming it to "crafttweaker:autogenerated/gateways.creeper_gate"
[22:20:30.491][DONE][CLIENT][INFO] - Replacing "minecraft:crafting" recipe with name "gateways:witch_gate", renaming it to "crafttweaker:autogenerated/gateways.witch_gate"
[22:20:30.492][DONE][CLIENT][INFO] Batch replacement completed
[22:20:30.492][DONE][CLIENT][INFO] Removing "minecraft:crafting" recipe with name: "gateways:enderman_gate"
[22:20:30.492][DONE][CLIENT][INFO] Removing "minecraft:crafting" recipe with name: "gateways:enderman_gate_small"
[22:20:30.493][DONE][CLIENT][INFO] Registering event listener for PlayerTickEvent.
[22:20:30.493][DONE][CLIENT][INFO] Registering event listener for RightClickBlock.
[22:20:30.494][DONE][CLIENT][INFO] Registering event listener for RightClickItem.
[22:20:30.519][DONE][CLIENT][INFO] Registering event listener for PlayerTickEvent.
[22:20:30.575][DONE][CLIENT][INFO] Modifying Attributes of: <item:spartanweaponry:greatsword_wood>.anyDamage()
[22:20:30.575][DONE][CLIENT][INFO] Modifying Attributes of: <item:spartanweaponry:greatsword_stone>.anyDamage()
[22:20:30.575][DONE][CLIENT][INFO] Modifying Attributes of: <item:spartanweaponry:greatsword_iron>.anyDamage()
[22:20:30.575][DONE][CLIENT][INFO] Modifying Attributes of: <item:spartanweaponry:greatsword_gold>.anyDamage()
[22:20:30.575][DONE][CLIENT][INFO] Modifying Attributes of: <item:spartanweaponry:greatsword_diamond>.anyDamage()
[22:20:30.575][DONE][CLIENT][INFO] Modifying Attributes of: <item:spartanweaponry:greatsword_netherite>.anyDamage()
[22:20:30.575][DONE][CLIENT][INFO] Modifying Attributes of: <item:spartanweaponry:greatsword_copper>.anyDamage()
[22:20:30.575][DONE][CLIENT][INFO] Modifying Attributes of: <item:spartanweaponry:greatsword_tin>.anyDamage()
[22:20:30.576][DONE][CLIENT][INFO] Modifying Attributes of: <item:spartanweaponry:greatsword_bronze>.anyDamage()
[22:20:30.576][DONE][CLIENT][INFO] Modifying Attributes of: <item:spartanweaponry:greatsword_steel>.anyDamage()
[22:20:30.576][DONE][CLIENT][INFO] Modifying Attributes of: <item:spartanweaponry:greatsword_silver>.anyDamage()
[22:20:30.576][DONE][CLIENT][INFO] Modifying Attributes of: <item:spartanweaponry:greatsword_invar>.anyDamage()
[22:20:30.576][DONE][CLIENT][INFO] Modifying Attributes of: <item:spartanweaponry:greatsword_platinum>.anyDamage()
[22:20:30.576][DONE][CLIENT][INFO] Modifying Attributes of: <item:spartanweaponry:greatsword_electrum>.anyDamage()
[22:20:30.576][DONE][CLIENT][INFO] Modifying Attributes of: <item:spartanweaponry:greatsword_nickel>.anyDamage()
[22:20:30.576][DONE][CLIENT][INFO] Modifying Attributes of: <item:spartanweaponry:greatsword_lead>.anyDamage()
[22:20:30.577][DONE][CLIENT][INFO] Modifying Attributes of: <item:spartanweaponry:spear_wood>.anyDamage()
[22:20:30.577][DONE][CLIENT][INFO] Modifying Attributes of: <item:spartanweaponry:spear_stone>.anyDamage()
[22:20:30.577][DONE][CLIENT][INFO] Modifying Attributes of: <item:spartanweaponry:spear_iron>.anyDamage()
[22:20:30.577][DONE][CLIENT][INFO] Modifying Attributes of: <item:spartanweaponry:spear_gold>.anyDamage()
[22:20:30.577][DONE][CLIENT][INFO] Modifying Attributes of: <item:spartanweaponry:spear_diamond>.anyDamage()
[22:20:30.577][DONE][CLIENT][INFO] Modifying Attributes of: <item:spartanweaponry:spear_netherite>.anyDamage()
[22:20:30.577][DONE][CLIENT][INFO] Modifying Attributes of: <item:spartanweaponry:spear_copper>.anyDamage()
[22:20:30.577][DONE][CLIENT][INFO] Modifying Attributes of: <item:spartanweaponry:spear_tin>.anyDamage()
[22:20:30.577][DONE][CLIENT][INFO] Modifying Attributes of: <item:spartanweaponry:spear_bronze>.anyDamage()
[22:20:30.577][DONE][CLIENT][INFO] Modifying Attributes of: <item:spartanweaponry:spear_steel>.anyDamage()
[22:20:30.577][DONE][CLIENT][INFO] Modifying Attributes of: <item:spartanweaponry:spear_silver>.anyDamage()
[22:20:30.577][DONE][CLIENT][INFO] Modifying Attributes of: <item:spartanweaponry:spear_invar>.anyDamage()
[22:20:30.577][DONE][CLIENT][INFO] Modifying Attributes of: <item:spartanweaponry:spear_platinum>.anyDamage()
[22:20:30.578][DONE][CLIENT][INFO] Modifying Attributes of: <item:spartanweaponry:spear_electrum>.anyDamage()
[22:20:30.578][DONE][CLIENT][INFO] Modifying Attributes of: <item:spartanweaponry:spear_nickel>.anyDamage()
[22:20:30.578][DONE][CLIENT][INFO] Modifying Attributes of: <item:spartanweaponry:spear_lead>.anyDamage()
[22:20:30.578][DONE][CLIENT][INFO] Modifying Attributes of: <item:spartanweaponry:halberd_wood>.anyDamage()
[22:20:30.578][DONE][CLIENT][INFO] Modifying Attributes of: <item:spartanweaponry:halberd_stone>.anyDamage()
[22:20:30.578][DONE][CLIENT][INFO] Modifying Attributes of: <item:spartanweaponry:halberd_iron>.anyDamage()
[22:20:30.578][DONE][CLIENT][INFO] Modifying Attributes of: <item:spartanweaponry:halberd_gold>.anyDamage()
[22:20:30.578][DONE][CLIENT][INFO] Modifying Attributes of: <item:spartanweaponry:halberd_diamond>.anyDamage()
[22:20:30.578][DONE][CLIENT][INFO] Modifying Attributes of: <item:spartanweaponry:halberd_netherite>.anyDamage()
[22:20:30.578][DONE][CLIENT][INFO] Modifying Attributes of: <item:spartanweaponry:halberd_copper>.anyDamage()
[22:20:30.578][DONE][CLIENT][INFO] Modifying Attributes of: <item:spartanweaponry:halberd_tin>.anyDamage()
[22:20:30.578][DONE][CLIENT][INFO] Modifying Attributes of: <item:spartanweaponry:halberd_bronze>.anyDamage()
[22:20:30.578][DONE][CLIENT][INFO] Modifying Attributes of: <item:spartanweaponry:halberd_steel>.anyDamage()
[22:20:30.578][DONE][CLIENT][INFO] Modifying Attributes of: <item:spartanweaponry:halberd_silver>.anyDamage()
[22:20:30.579][DONE][CLIENT][INFO] Modifying Attributes of: <item:spartanweaponry:halberd_invar>.anyDamage()
[22:20:30.579][DONE][CLIENT][INFO] Modifying Attributes of: <item:spartanweaponry:halberd_platinum>.anyDamage()
[22:20:30.579][DONE][CLIENT][INFO] Modifying Attributes of: <item:spartanweaponry:halberd_electrum>.anyDamage()
[22:20:30.579][DONE][CLIENT][INFO] Modifying Attributes of: <item:spartanweaponry:halberd_nickel>.anyDamage()
[22:20:30.579][DONE][CLIENT][INFO] Modifying Attributes of: <item:spartanweaponry:halberd_lead>.anyDamage()
[22:20:30.579][DONE][CLIENT][INFO] Modifying Attributes of: <item:spartanweaponry:pike_wood>.anyDamage()
[22:20:30.579][DONE][CLIENT][INFO] Modifying Attributes of: <item:spartanweaponry:pike_stone>.anyDamage()
[22:20:30.579][DONE][CLIENT][INFO] Modifying Attributes of: <item:spartanweaponry:pike_iron>.anyDamage()
[22:20:30.579][DONE][CLIENT][INFO] Modifying Attributes of: <item:spartanweaponry:pike_gold>.anyDamage()
[22:20:30.579][DONE][CLIENT][INFO] Modifying Attributes of: <item:spartanweaponry:pike_diamond>.anyDamage()
[22:20:30.579][DONE][CLIENT][INFO] Modifying Attributes of: <item:spartanweaponry:pike_netherite>.anyDamage()
[22:20:30.579][DONE][CLIENT][INFO] Modifying Attributes of: <item:spartanweaponry:pike_copper>.anyDamage()
[22:20:30.579][DONE][CLIENT][INFO] Modifying Attributes of: <item:spartanweaponry:pike_tin>.anyDamage()
[22:20:30.579][DONE][CLIENT][INFO] Modifying Attributes of: <item:spartanweaponry:pike_bronze>.anyDamage()
[22:20:30.579][DONE][CLIENT][INFO] Modifying Attributes of: <item:spartanweaponry:pike_steel>.anyDamage()
[22:20:30.579][DONE][CLIENT][INFO] Modifying Attributes of: <item:spartanweaponry:pike_silver>.anyDamage()
[22:20:30.579][DONE][CLIENT][INFO] Modifying Attributes of: <item:spartanweaponry:pike_invar>.anyDamage()
[22:20:30.579][DONE][CLIENT][INFO] Modifying Attributes of: <item:spartanweaponry:pike_platinum>.anyDamage()
[22:20:30.579][DONE][CLIENT][INFO] Modifying Attributes of: <item:spartanweaponry:pike_electrum>.anyDamage()
[22:20:30.580][DONE][CLIENT][INFO] Modifying Attributes of: <item:spartanweaponry:pike_nickel>.anyDamage()
[22:20:30.580][DONE][CLIENT][INFO] Modifying Attributes of: <item:spartanweaponry:pike_lead>.anyDamage()
[22:20:30.580][DONE][CLIENT][INFO] Modifying Attributes of: <item:spartanweaponry:lance_wood>.anyDamage()
[22:20:30.580][DONE][CLIENT][INFO] Modifying Attributes of: <item:spartanweaponry:lance_stone>.anyDamage()
[22:20:30.580][DONE][CLIENT][INFO] Modifying Attributes of: <item:spartanweaponry:lance_iron>.anyDamage()
[22:20:30.580][DONE][CLIENT][INFO] Modifying Attributes of: <item:spartanweaponry:lance_gold>.anyDamage()
[22:20:30.580][DONE][CLIENT][INFO] Modifying Attributes of: <item:spartanweaponry:lance_diamond>.anyDamage()
[22:20:30.580][DONE][CLIENT][INFO] Modifying Attributes of: <item:spartanweaponry:lance_netherite>.anyDamage()
[22:20:30.580][DONE][CLIENT][INFO] Modifying Attributes of: <item:spartanweaponry:lance_copper>.anyDamage()
[22:20:30.580][DONE][CLIENT][INFO] Modifying Attributes of: <item:spartanweaponry:lance_tin>.anyDamage()
[22:20:30.580][DONE][CLIENT][INFO] Modifying Attributes of: <item:spartanweaponry:lance_bronze>.anyDamage()
[22:20:30.580][DONE][CLIENT][INFO] Modifying Attributes of: <item:spartanweaponry:lance_steel>.anyDamage()
[22:20:30.580][DONE][CLIENT][INFO] Modifying Attributes of: <item:spartanweaponry:lance_silver>.anyDamage()
[22:20:30.581][DONE][CLIENT][INFO] Modifying Attributes of: <item:spartanweaponry:lance_invar>.anyDamage()
[22:20:30.581][DONE][CLIENT][INFO] Modifying Attributes of: <item:spartanweaponry:lance_platinum>.anyDamage()
[22:20:30.581][DONE][CLIENT][INFO] Modifying Attributes of: <item:spartanweaponry:lance_electrum>.anyDamage()
[22:20:30.581][DONE][CLIENT][INFO] Modifying Attributes of: <item:spartanweaponry:lance_nickel>.anyDamage()
[22:20:30.581][DONE][CLIENT][INFO] Modifying Attributes of: <item:spartanweaponry:lance_lead>.anyDamage()
[22:20:30.581][DONE][CLIENT][INFO] Modifying Attributes of: <item:spartanweaponry:glaive_wood>.anyDamage()
[22:20:30.581][DONE][CLIENT][INFO] Modifying Attributes of: <item:spartanweaponry:glaive_stone>.anyDamage()
[22:20:30.581][DONE][CLIENT][INFO] Modifying Attributes of: <item:spartanweaponry:glaive_iron>.anyDamage()
[22:20:30.582][DONE][CLIENT][INFO] Modifying Attributes of: <item:spartanweaponry:glaive_gold>.anyDamage()
[22:20:30.582][DONE][CLIENT][INFO] Modifying Attributes of: <item:spartanweaponry:glaive_diamond>.anyDamage()
[22:20:30.582][DONE][CLIENT][INFO] Modifying Attributes of: <item:spartanweaponry:glaive_netherite>.anyDamage()
[22:20:30.582][DONE][CLIENT][INFO] Modifying Attributes of: <item:spartanweaponry:glaive_copper>.anyDamage()
[22:20:30.582][DONE][CLIENT][INFO] Modifying Attributes of: <item:spartanweaponry:glaive_tin>.anyDamage()
[22:20:30.582][DONE][CLIENT][INFO] Modifying Attributes of: <item:spartanweaponry:glaive_bronze>.anyDamage()
[22:20:30.582][DONE][CLIENT][INFO] Modifying Attributes of: <item:spartanweaponry:glaive_steel>.anyDamage()
[22:20:30.582][DONE][CLIENT][INFO] Modifying Attributes of: <item:spartanweaponry:glaive_silver>.anyDamage()
[22:20:30.582][DONE][CLIENT][INFO] Modifying Attributes of: <item:spartanweaponry:glaive_invar>.anyDamage()
[22:20:30.582][DONE][CLIENT][INFO] Modifying Attributes of: <item:spartanweaponry:glaive_platinum>.anyDamage()
[22:20:30.583][DONE][CLIENT][INFO] Modifying Attributes of: <item:spartanweaponry:glaive_electrum>.anyDamage()
[22:20:30.583][DONE][CLIENT][INFO] Modifying Attributes of: <item:spartanweaponry:glaive_nickel>.anyDamage()
[22:20:30.583][DONE][CLIENT][INFO] Modifying Attributes of: <item:spartanweaponry:glaive_lead>.anyDamage()
[22:20:30.593][DONE][CLIENT][INFO] Modifying Attributes of: <item:spartantwilight:greatsword_ironwood>.anyDamage()
[22:20:30.594][DONE][CLIENT][INFO] Modifying Attributes of: <item:spartantwilight:greatsword_fiery>.anyDamage()
[22:20:30.594][DONE][CLIENT][INFO] Modifying Attributes of: <item:spartantwilight:greatsword_steeleaf>.anyDamage()
[22:20:30.594][DONE][CLIENT][INFO] Modifying Attributes of: <item:spartantwilight:greatsword_knightly>.anyDamage()
[22:20:30.594][DONE][CLIENT][INFO] Modifying Attributes of: <item:spartantwilight:spear_ironwood>.anyDamage()
[22:20:30.594][DONE][CLIENT][INFO] Modifying Attributes of: <item:spartantwilight:spear_fiery>.anyDamage()
[22:20:30.594][DONE][CLIENT][INFO] Modifying Attributes of: <item:spartantwilight:spear_steeleaf>.anyDamage()
[22:20:30.594][DONE][CLIENT][INFO] Modifying Attributes of: <item:spartantwilight:spear_knightly>.anyDamage()
[22:20:30.594][DONE][CLIENT][INFO] Modifying Attributes of: <item:spartantwilight:halberd_ironwood>.anyDamage()
[22:20:30.595][DONE][CLIENT][INFO] Modifying Attributes of: <item:spartantwilight:halberd_fiery>.anyDamage()
[22:20:30.595][DONE][CLIENT][INFO] Modifying Attributes of: <item:spartantwilight:halberd_steeleaf>.anyDamage()
[22:20:30.595][DONE][CLIENT][INFO] Modifying Attributes of: <item:spartantwilight:halberd_knightly>.anyDamage()
[22:20:30.595][DONE][CLIENT][INFO] Modifying Attributes of: <item:spartantwilight:pike_ironwood>.anyDamage()
[22:20:30.595][DONE][CLIENT][INFO] Modifying Attributes of: <item:spartantwilight:pike_fiery>.anyDamage()
[22:20:30.595][DONE][CLIENT][INFO] Modifying Attributes of: <item:spartantwilight:pike_steeleaf>.anyDamage()
[22:20:30.595][DONE][CLIENT][INFO] Modifying Attributes of: <item:spartantwilight:pike_knightly>.anyDamage()
[22:20:30.595][DONE][CLIENT][INFO] Modifying Attributes of: <item:spartantwilight:lance_ironwood>.anyDamage()
[22:20:30.595][DONE][CLIENT][INFO] Modifying Attributes of: <item:spartantwilight:lance_fiery>.anyDamage()
[22:20:30.595][DONE][CLIENT][INFO] Modifying Attributes of: <item:spartantwilight:lance_steeleaf>.anyDamage()
[22:20:30.595][DONE][CLIENT][INFO] Modifying Attributes of: <item:spartantwilight:lance_knightly>.anyDamage()
[22:20:30.596][DONE][CLIENT][INFO] Modifying Attributes of: <item:spartantwilight:glaive_ironwood>.anyDamage()
[22:20:30.596][DONE][CLIENT][INFO] Modifying Attributes of: <item:spartantwilight:glaive_fiery>.anyDamage()
[22:20:30.596][DONE][CLIENT][INFO] Modifying Attributes of: <item:spartantwilight:glaive_steeleaf>.anyDamage()
[22:20:30.596][DONE][CLIENT][INFO] Modifying Attributes of: <item:spartantwilight:glaive_knightly>.anyDamage()
[22:20:30.605][DONE][CLIENT][INFO] Set the max stack size of <item:minecraft:saddle> to 16.
[22:20:30.605][DONE][CLIENT][INFO] Set the max stack size of <item:minecraft:enchanted_book> to 64.
[22:20:30.605][DONE][CLIENT][INFO] Set the max stack size of <item:minecraft:potion> to 16.
[22:20:30.605][DONE][CLIENT][INFO] Set the max stack size of <item:minecraft:splash_potion> to 16.
[22:20:30.605][DONE][CLIENT][INFO] Set the max stack size of <item:minecraft:lingering_potion> to 16.
[22:20:30.606][DONE][CLIENT][INFO] Set the max stack size of <item:productivebees:sturdy_bee_cage> to 64.
[22:20:30.606][DONE][CLIENT][INFO] Set the max stack size of <item:titles:title_fragment> to 64.
[22:20:30.613][DONE][CLIENT][INFO] Set the max stack size of <item:minecraft:oak_boat> to 16.
[22:20:30.613][DONE][CLIENT][INFO] Set the max stack size of <item:minecraft:white_bed> to 16.
[22:20:30.613][DONE][CLIENT][INFO] Set the max stack size of <item:minecraft:orange_bed> to 16.
[22:20:30.613][DONE][CLIENT][INFO] Set the max stack size of <item:minecraft:magenta_bed> to 16.
[22:20:30.613][DONE][CLIENT][INFO] Set the max stack size of <item:minecraft:light_blue_bed> to 16.
[22:20:30.613][DONE][CLIENT][INFO] Set the max stack size of <item:minecraft:yellow_bed> to 16.
[22:20:30.613][DONE][CLIENT][INFO] Set the max stack size of <item:minecraft:lime_bed> to 16.
[22:20:30.614][DONE][CLIENT][INFO] Set the max stack size of <item:minecraft:pink_bed> to 16.
[22:20:30.614][DONE][CLIENT][INFO] Set the max stack size of <item:minecraft:gray_bed> to 16.
[22:20:30.614][DONE][CLIENT][INFO] Set the max stack size of <item:minecraft:light_gray_bed> to 16.
[22:20:30.614][DONE][CLIENT][INFO] Set the max stack size of <item:minecraft:cyan_bed> to 16.
[22:20:30.614][DONE][CLIENT][INFO] Set the max stack size of <item:minecraft:purple_bed> to 16.
[22:20:30.614][DONE][CLIENT][INFO] Set the max stack size of <item:minecraft:blue_bed> to 16.
[22:20:30.614][DONE][CLIENT][INFO] Set the max stack size of <item:minecraft:brown_bed> to 16.
[22:20:30.614][DONE][CLIENT][INFO] Set the max stack size of <item:minecraft:green_bed> to 16.
[22:20:30.614][DONE][CLIENT][INFO] Set the max stack size of <item:minecraft:red_bed> to 16.
[22:20:30.614][DONE][CLIENT][INFO] Set the max stack size of <item:minecraft:black_bed> to 16.
[22:20:30.614][DONE][CLIENT][INFO] Set the max stack size of <item:minecraft:spruce_boat> to 16.
[22:20:30.614][DONE][CLIENT][INFO] Set the max stack size of <item:minecraft:birch_boat> to 16.
[22:20:30.614][DONE][CLIENT][INFO] Set the max stack size of <item:minecraft:jungle_boat> to 16.
[22:20:30.614][DONE][CLIENT][INFO] Set the max stack size of <item:minecraft:acacia_boat> to 16.
[22:20:30.614][DONE][CLIENT][INFO] Set the max stack size of <item:minecraft:dark_oak_boat> to 16.
[22:20:30.614][DONE][CLIENT][INFO] Set the max stack size of <item:minecraft:music_disc_13> to 16.
[22:20:30.614][DONE][CLIENT][INFO] Set the max stack size of <item:minecraft:music_disc_13> to 16.
[22:20:30.614][DONE][CLIENT][INFO] Set the max stack size of <item:minecraft:music_disc_cat> to 16.
[22:20:30.615][DONE][CLIENT][INFO] Set the max stack size of <item:minecraft:music_disc_cat> to 16.
[22:20:30.615][DONE][CLIENT][INFO] Set the max stack size of <item:minecraft:music_disc_blocks> to 16.
[22:20:30.615][DONE][CLIENT][INFO] Set the max stack size of <item:minecraft:music_disc_blocks> to 16.
[22:20:30.615][DONE][CLIENT][INFO] Set the max stack size of <item:minecraft:music_disc_chirp> to 16.
[22:20:30.615][DONE][CLIENT][INFO] Set the max stack size of <item:minecraft:music_disc_chirp> to 16.
[22:20:30.615][DONE][CLIENT][INFO] Set the max stack size of <item:minecraft:music_disc_far> to 16.
[22:20:30.615][DONE][CLIENT][INFO] Set the max stack size of <item:minecraft:music_disc_far> to 16.
[22:20:30.615][DONE][CLIENT][INFO] Set the max stack size of <item:minecraft:music_disc_mall> to 16.
[22:20:30.615][DONE][CLIENT][INFO] Set the max stack size of <item:minecraft:music_disc_mall> to 16.
[22:20:30.615][DONE][CLIENT][INFO] Set the max stack size of <item:minecraft:music_disc_mellohi> to 16.
[22:20:30.615][DONE][CLIENT][INFO] Set the max stack size of <item:minecraft:music_disc_mellohi> to 16.
[22:20:30.615][DONE][CLIENT][INFO] Set the max stack size of <item:minecraft:music_disc_stal> to 16.
[22:20:30.615][DONE][CLIENT][INFO] Set the max stack size of <item:minecraft:music_disc_stal> to 16.
[22:20:30.615][DONE][CLIENT][INFO] Set the max stack size of <item:minecraft:music_disc_strad> to 16.
[22:20:30.615][DONE][CLIENT][INFO] Set the max stack size of <item:minecraft:music_disc_strad> to 16.
[22:20:30.615][DONE][CLIENT][INFO] Set the max stack size of <item:minecraft:music_disc_ward> to 16.
[22:20:30.615][DONE][CLIENT][INFO] Set the max stack size of <item:minecraft:music_disc_ward> to 16.
[22:20:30.615][DONE][CLIENT][INFO] Set the max stack size of <item:minecraft:music_disc_11> to 16.
[22:20:30.615][DONE][CLIENT][INFO] Set the max stack size of <item:minecraft:music_disc_11> to 16.
[22:20:30.615][DONE][CLIENT][INFO] Set the max stack size of <item:minecraft:music_disc_wait> to 16.
[22:20:30.615][DONE][CLIENT][INFO] Set the max stack size of <item:minecraft:music_disc_wait> to 16.
[22:20:30.615][DONE][CLIENT][INFO] Set the max stack size of <item:minecraft:music_disc_pigstep> to 16.
[22:20:30.615][DONE][CLIENT][INFO] Set the max stack size of <item:minecraft:music_disc_pigstep> to 16.
[22:20:30.616][DONE][CLIENT][INFO] Set the max stack size of <item:infernalexp:music_disc_soul_spunk> to 16.
[22:20:30.616][DONE][CLIENT][INFO] Set the max stack size of <item:infernalexp:music_disc_flush> to 16.
[22:20:30.617][DONE][CLIENT][INFO] Set the max stack size of <item:supplementaries:jar_boat> to 16.
[22:20:30.618][DONE][CLIENT][INFO] Set the max stack size of <item:betterendforge:music_disc_strange_and_alien> to 16.
[22:20:30.618][DONE][CLIENT][INFO] Set the max stack size of <item:betterendforge:music_disc_grasping_at_stars> to 16.
[22:20:30.618][DONE][CLIENT][INFO] Set the max stack size of <item:betterendforge:music_disc_endseeker> to 16.
[22:20:30.618][DONE][CLIENT][INFO] Set the max stack size of <item:betterendforge:music_disc_eo_dracona> to 16.
[22:20:30.619][DONE][CLIENT][INFO] Set the max stack size of <item:darkerdepths:petrified_boat> to 16.
[22:20:30.621][DONE][CLIENT][INFO] Set the max stack size of <item:the_bumblezone:music_disc_flight_of_the_bumblebee_rimsky_korsakov> to 16.
[22:20:30.621][DONE][CLIENT][INFO] Set the max stack size of <item:the_bumblezone:music_disc_honey_bee_rat_faced_boy> to 16.
[22:20:30.622][DONE][CLIENT][INFO] Set the max stack size of <item:mowziesmobs:music_disc_petiole> to 16.
[22:20:30.622][DONE][CLIENT][INFO] Set the max stack size of <item:good_nights_sleep:luxurious_bed> to 16.
[22:20:30.622][DONE][CLIENT][INFO] Set the max stack size of <item:good_nights_sleep:wretched_bed> to 16.
[22:20:30.622][DONE][CLIENT][INFO] Set the max stack size of <item:good_nights_sleep:strange_bed> to 16.
[22:20:30.625][DONE][CLIENT][INFO] Set the max stack size of <item:byg:aspen_boat> to 16.
[22:20:30.625][DONE][CLIENT][INFO] Set the max stack size of <item:byg:baobab_boat> to 16.
[22:20:30.625][DONE][CLIENT][INFO] Set the max stack size of <item:byg:blue_enchanted_boat> to 16.
[22:20:30.625][DONE][CLIENT][INFO] Set the max stack size of <item:byg:cherry_boat> to 16.
[22:20:30.625][DONE][CLIENT][INFO] Set the max stack size of <item:byg:cika_boat> to 16.
[22:20:30.625][DONE][CLIENT][INFO] Set the max stack size of <item:byg:cypress_boat> to 16.
[22:20:30.625][DONE][CLIENT][INFO] Set the max stack size of <item:byg:ebony_boat> to 16.
[22:20:30.625][DONE][CLIENT][INFO] Set the max stack size of <item:byg:fir_boat> to 16.
[22:20:30.625][DONE][CLIENT][INFO] Set the max stack size of <item:byg:green_enchanted_boat> to 16.
[22:20:30.625][DONE][CLIENT][INFO] Set the max stack size of <item:byg:holly_boat> to 16.
[22:20:30.625][DONE][CLIENT][INFO] Set the max stack size of <item:byg:jacaranda_boat> to 16.
[22:20:30.626][DONE][CLIENT][INFO] Set the max stack size of <item:byg:mahogany_boat> to 16.
[22:20:30.626][DONE][CLIENT][INFO] Set the max stack size of <item:byg:mangrove_boat> to 16.
[22:20:30.626][DONE][CLIENT][INFO] Set the max stack size of <item:byg:maple_boat> to 16.
[22:20:30.626][DONE][CLIENT][INFO] Set the max stack size of <item:byg:palm_boat> to 16.
[22:20:30.626][DONE][CLIENT][INFO] Set the max stack size of <item:byg:pine_boat> to 16.
[22:20:30.626][DONE][CLIENT][INFO] Set the max stack size of <item:byg:rainbow_eucalyptus_boat> to 16.
[22:20:30.626][DONE][CLIENT][INFO] Set the max stack size of <item:byg:redwood_boat> to 16.
[22:20:30.626][DONE][CLIENT][INFO] Set the max stack size of <item:byg:skyris_boat> to 16.
[22:20:30.626][DONE][CLIENT][INFO] Set the max stack size of <item:byg:willow_boat> to 16.
[22:20:30.626][DONE][CLIENT][INFO] Set the max stack size of <item:byg:witch_hazel_boat> to 16.
[22:20:30.626][DONE][CLIENT][INFO] Set the max stack size of <item:byg:zelkova_boat> to 16.
[22:20:30.628][DONE][CLIENT][INFO] Set the max stack size of <item:tropicraft:music_disc_buried_treasure> to 16.
[22:20:30.628][DONE][CLIENT][INFO] Set the max stack size of <item:tropicraft:music_disc_buried_treasure> to 16.
[22:20:30.628][DONE][CLIENT][INFO] Set the max stack size of <item:tropicraft:music_disc_eastern_isles> to 16.
[22:20:30.628][DONE][CLIENT][INFO] Set the max stack size of <item:tropicraft:music_disc_eastern_isles> to 16.
[22:20:30.628][DONE][CLIENT][INFO] Set the max stack size of <item:tropicraft:music_disc_the_tribe> to 16.
[22:20:30.628][DONE][CLIENT][INFO] Set the max stack size of <item:tropicraft:music_disc_the_tribe> to 16.
[22:20:30.628][DONE][CLIENT][INFO] Set the max stack size of <item:tropicraft:music_disc_low_tide> to 16.
[22:20:30.628][DONE][CLIENT][INFO] Set the max stack size of <item:tropicraft:music_disc_low_tide> to 16.
[22:20:30.628][DONE][CLIENT][INFO] Set the max stack size of <item:tropicraft:music_disc_trade_winds> to 16.
[22:20:30.628][DONE][CLIENT][INFO] Set the max stack size of <item:tropicraft:music_disc_trade_winds> to 16.
[22:20:30.628][DONE][CLIENT][INFO] Set the max stack size of <item:tropicraft:music_disc_summering> to 16.
[22:20:30.628][DONE][CLIENT][INFO] Set the max stack size of <item:tropicraft:music_disc_summering> to 16.
[22:20:30.629][DONE][CLIENT][INFO] Set the max stack size of <item:blue_skies:blinding_rage> to 16.
[22:20:30.630][DONE][CLIENT][INFO] Set the max stack size of <item:blue_skies:defying_starlight> to 16.
[22:20:30.630][DONE][CLIENT][INFO] Set the max stack size of <item:blue_skies:venomous_encounter> to 16.
[22:20:30.631][DONE][CLIENT][INFO] Set the max stack size of <item:eidolon:music_disc_parousia> to 16.
[22:20:30.632][DONE][CLIENT][INFO] Set the max stack size of <item:alexsmobs:music_disc_thime> to 16.
[22:20:30.632][DONE][CLIENT][INFO] Set the max stack size of <item:alexsmobs:music_disc_daze> to 16.
[22:20:30.633][DONE][CLIENT][INFO] Set the max stack size of <item:rats:music_disc_mice_on_venus> to 16.
[22:20:30.633][DONE][CLIENT][INFO] Set the max stack size of <item:rats:music_disc_living_mice> to 16.
[22:20:30.634][DONE][CLIENT][INFO] Set the max stack size of <item:takesapillage:bastille_blues_music_disc> to 16.
[22:20:30.634][DONE][CLIENT][INFO] Set the max stack size of <item:takesapillage:bastille_blues_music_disc> to 16.
[22:20:30.636][DONE][CLIENT][INFO] Set the max stack size of <item:projectvibrantjourneys:fir_boat> to 16.
[22:20:30.636][DONE][CLIENT][INFO] Set the max stack size of <item:projectvibrantjourneys:pine_boat> to 16.
[22:20:30.636][DONE][CLIENT][INFO] Set the max stack size of <item:projectvibrantjourneys:redwood_boat> to 16.
[22:20:30.636][DONE][CLIENT][INFO] Set the max stack size of <item:projectvibrantjourneys:willow_boat> to 16.
[22:20:30.636][DONE][CLIENT][INFO] Set the max stack size of <item:projectvibrantjourneys:mangrove_boat> to 16.
[22:20:30.636][DONE][CLIENT][INFO] Set the max stack size of <item:projectvibrantjourneys:palm_boat> to 16.
[22:20:30.636][DONE][CLIENT][INFO] Set the max stack size of <item:projectvibrantjourneys:aspen_boat> to 16.
[22:20:30.636][DONE][CLIENT][INFO] Set the max stack size of <item:projectvibrantjourneys:juniper_boat> to 16.
[22:20:30.636][DONE][CLIENT][INFO] Set the max stack size of <item:projectvibrantjourneys:cottonwood_boat> to 16.
[22:20:30.636][DONE][CLIENT][INFO] Set the max stack size of <item:projectvibrantjourneys:baobab_boat> to 16.
[22:20:30.636][DONE][CLIENT][INFO] Set the max stack size of <item:projectvibrantjourneys:maple_boat> to 16.
[22:20:30.636][DONE][CLIENT][INFO] Set the max stack size of <item:projectvibrantjourneys:sakura_boat> to 16.
[22:20:30.636][DONE][CLIENT][INFO] Set the max stack size of <item:projectvibrantjourneys:tamarack_boat> to 16.
[22:20:30.636][DONE][CLIENT][INFO] Set the max stack size of <item:projectvibrantjourneys:joshua_boat> to 16.
[22:20:30.637][DONE][CLIENT][INFO] Set the max stack size of <item:simplefarming:music_disc_nourish> to 16.
[22:20:30.637][DONE][CLIENT][INFO] Set the max stack size of <item:simplefarming:music_disc_nourish> to 16.
[22:20:30.637][DONE][CLIENT][INFO] Set the max stack size of <item:feywild:feywild_music_disc> to 16.
[22:20:30.637][DONE][CLIENT][INFO] Set the max stack size of <item:feywild:feywild_music_disc> to 16.
[22:20:30.639][DONE][CLIENT][INFO] Set the max stack size of <item:undergarden:music_disc_mammoth> to 16.
[22:20:30.639][DONE][CLIENT][INFO] Set the max stack size of <item:undergarden:music_disc_mammoth> to 16.
[22:20:30.639][DONE][CLIENT][INFO] Set the max stack size of <item:undergarden:music_disc_limax_maximus> to 16.
[22:20:30.639][DONE][CLIENT][INFO] Set the max stack size of <item:undergarden:music_disc_limax_maximus> to 16.
[22:20:30.639][DONE][CLIENT][INFO] Set the max stack size of <item:undergarden:music_disc_relict> to 16.
[22:20:30.639][DONE][CLIENT][INFO] Set the max stack size of <item:undergarden:music_disc_relict> to 16.
[22:20:30.639][DONE][CLIENT][INFO] Set the max stack size of <item:undergarden:music_disc_gloomper_anthem> to 16.
[22:20:30.639][DONE][CLIENT][INFO] Set the max stack size of <item:undergarden:music_disc_gloomper_anthem> to 16.
[22:20:30.639][DONE][CLIENT][INFO] Set the max stack size of <item:undergarden:music_disc_gloomper_secret> to 16.
[22:20:30.639][DONE][CLIENT][INFO] Set the max stack size of <item:undergarden:music_disc_gloomper_secret> to 16.
[22:20:30.639][DONE][CLIENT][INFO] Set the max stack size of <item:undergarden:smogstem_boat> to 16.
[22:20:30.639][DONE][CLIENT][INFO] Set the max stack size of <item:undergarden:wigglewood_boat> to 16.
[22:20:30.639][DONE][CLIENT][INFO] Set the max stack size of <item:undergarden:grongle_boat> to 16.
[22:20:30.640][DONE][CLIENT][INFO] Set the max stack size of <item:bayou_blues:cypress_boat> to 16.
[22:20:30.641][DONE][CLIENT][INFO] Set the max stack size of <item:upgrade_aquatic:driftwood_boat> to 16.
[22:20:30.641][DONE][CLIENT][INFO] Set the max stack size of <item:upgrade_aquatic:river_boat> to 16.
[22:20:30.641][DONE][CLIENT][INFO] Set the max stack size of <item:endergetic:poise_boat> to 16.
[22:20:30.641][DONE][CLIENT][INFO] Set the max stack size of <item:endergetic:music_disc_kilobyte> to 16.
[22:20:30.641][DONE][CLIENT][INFO] Set the max stack size of <item:endergetic:music_disc_kilobyte> to 16.
[22:20:30.642][DONE][CLIENT][INFO] Set the max stack size of <item:enhanced_mushrooms:red_mushroom_boat> to 16.
[22:20:30.642][DONE][CLIENT][INFO] Set the max stack size of <item:enhanced_mushrooms:brown_mushroom_boat> to 16.
[22:20:30.642][DONE][CLIENT][INFO] Set the max stack size of <item:enhanced_mushrooms:glowshroom_boat> to 16.
[22:20:30.642][DONE][CLIENT][INFO] Set the max stack size of <item:outer_end:music_disc_galactic_wave> to 16.
[22:20:30.642][DONE][CLIENT][INFO] Set the max stack size of <item:outer_end:music_disc_galactic_wave> to 16.
[22:20:30.642][DONE][CLIENT][INFO] Set the max stack size of <item:outer_end:music_disc_unknown_frontier> to 16.
[22:20:30.642][DONE][CLIENT][INFO] Set the max stack size of <item:outer_end:music_disc_unknown_frontier> to 16.
[22:20:30.642][DONE][CLIENT][INFO] Set the max stack size of <item:outer_end:azure_boat> to 16.
[22:20:30.643][DONE][CLIENT][INFO] Set the max stack size of <item:meetyourfight:music_disc_magnum> to 16.
[22:20:30.643][DONE][CLIENT][INFO] Set the max stack size of <item:meetyourfight:music_disc_magnum> to 16.
[22:20:30.643][DONE][CLIENT][INFO] Set the max stack size of <item:abundance:jacaranda_boat> to 16.
[22:20:30.643][DONE][CLIENT][INFO] Set the max stack size of <item:abundance:redbud_boat> to 16.
[22:20:30.644][DONE][CLIENT][INFO] Set the max stack size of <item:quark:music_disc_endermosh> to 16.
[22:20:30.644][DONE][CLIENT][INFO] Set the max stack size of <item:quark:music_disc_drips> to 16.
[22:20:30.644][DONE][CLIENT][INFO] Set the max stack size of <item:quark:music_disc_ocean> to 16.
[22:20:30.644][DONE][CLIENT][INFO] Set the max stack size of <item:quark:music_disc_rain> to 16.
[22:20:30.644][DONE][CLIENT][INFO] Set the max stack size of <item:quark:music_disc_wind> to 16.
[22:20:30.644][DONE][CLIENT][INFO] Set the max stack size of <item:quark:music_disc_fire> to 16.
[22:20:30.644][DONE][CLIENT][INFO] Set the max stack size of <item:quark:music_disc_clock> to 16.
[22:20:30.644][DONE][CLIENT][INFO] Set the max stack size of <item:quark:music_disc_crickets> to 16.
[22:20:30.644][DONE][CLIENT][INFO] Set the max stack size of <item:quark:music_disc_chatter> to 16.
[22:20:30.645][DONE][CLIENT][INFO] Set the max stack size of <item:fins:music_disc_crashing_tides> to 16.
[22:20:30.646][DONE][CLIENT][INFO] Registering event listener for PlayerLoggedInEvent.
[22:20:30.652][DONE][CLIENT][INFO] Removing Villager trade for Profession: 'librarian' and Level: '1'
[22:20:30.653][DONE][CLIENT][INFO] Removing Villager trade for Profession: 'librarian' and Level: '2'
[22:20:30.653][DONE][CLIENT][INFO] Removing Villager trade for Profession: 'librarian' and Level: '3'
[22:20:30.653][DONE][CLIENT][INFO] Removing Villager trade for Profession: 'librarian' and Level: '4'
[22:20:30.653][DONE][CLIENT][INFO] Adding Villager trade for Profession: 'librarian' and Level: '2'
[22:20:30.653][DONE][CLIENT][INFO] Removing Villager trade for Profession: 'librarian' and Level: '2'
[22:20:30.668][DONE][CLIENT][INFO] Adding Villager trade for Profession: 'librarian' and Level: '5'
[22:20:30.668][DONE][CLIENT][INFO] Removing Villager trade for Profession: 'fletcher' and Level: '1'
[22:20:30.668][DONE][CLIENT][INFO] Adding Villager trade for Profession: 'fletcher' and Level: '1'
[22:20:30.668][DONE][CLIENT][INFO] Adding Villager trade for Profession: 'nitwit' and Level: '1'
[22:20:30.668][DONE][CLIENT][INFO] Adding Villager trade for Profession: 'nitwit' and Level: '1'
[22:20:30.668][DONE][CLIENT][INFO] Adding Villager trade for Profession: 'nitwit' and Level: '1'
[22:20:30.668][DONE][CLIENT][INFO] Adding Villager trade for Profession: 'nitwit' and Level: '2'
[22:20:30.668][DONE][CLIENT][INFO] Adding Villager trade for Profession: 'nitwit' and Level: '2'
[22:20:30.668][DONE][CLIENT][INFO] Adding Villager trade for Profession: 'nitwit' and Level: '2'
[22:20:30.668][DONE][CLIENT][INFO] Adding Villager trade for Profession: 'nitwit' and Level: '3'
[22:20:30.669][DONE][CLIENT][INFO] Adding Villager trade for Profession: 'nitwit' and Level: '3'
[22:20:30.669][DONE][CLIENT][INFO] Adding Villager trade for Profession: 'nitwit' and Level: '3'
[22:20:30.669][DONE][CLIENT][INFO] Adding Villager trade for Profession: 'nitwit' and Level: '4'
[22:20:30.669][DONE][CLIENT][INFO] Adding Villager trade for Profession: 'nitwit' and Level: '4'
[22:20:30.669][DONE][CLIENT][INFO] Adding Villager trade for Profession: 'nitwit' and Level: '5'
[22:20:30.669][DONE][CLIENT][INFO] Adding: [Block{minecraft:white_banner},Block{minecraft:orange_banner},Block{minecraft:magenta_banner},Block{minecraft:light_blue_banner},Block{minecraft:yellow_banner},Block{minecraft:lime_banner},Block{minecraft:pink_banner},Block{minecraft:gray_banner},Block{minecraft:light_gray_banner},Block{minecraft:cyan_banner},Block{minecraft:purple_banner},Block{minecraft:blue_banner},Block{minecraft:brown_banner},Block{minecraft:green_banner},Block{minecraft:red_banner},Block{minecraft:black_banner},Block{minecraft:white_wall_banner},Block{minecraft:orange_wall_banner},Block{minecraft:magenta_wall_banner},Block{minecraft:light_blue_wall_banner},Block{minecraft:yellow_wall_banner},Block{minecraft:lime_wall_banner},Block{minecraft:pink_wall_banner},Block{minecraft:gray_wall_banner},Block{minecraft:light_gray_wall_banner},Block{minecraft:cyan_wall_banner},Block{minecraft:purple_wall_banner},Block{minecraft:blue_wall_banner},Block{minecraft:brown_wall_banner},Block{minecraft:green_wall_banner},Block{minecraft:red_wall_banner},Block{minecraft:black_wall_banner}] to tag: <tag:blocks:bagofyurting:blacklist>
[22:20:30.669][DONE][CLIENT][INFO] Adding: [Block{minecraft:spawner}] to tag: <tag:blocks:bagofyurting:blacklist>
[22:20:30.669][DONE][CLIENT][INFO] Finished loading Scripts!
[22:20:30.675][DONE][CLIENT][INFO] This reload was made possible by Pongo Sapiens and more! Become a patron at https://patreon.com/jaredlll08?s=crtmod
[16:25:36.425][DONE][SERVER][INFO] rewarding Play_Despacito3 XP: 15
[16:25:36.944][DONE][SERVER][INFO] rewarding Play_Despacito3 XP: 42
[17:15:19.471][DONE][SERVER][INFO] both stacks are ench book
[17:15:19.471][DONE][SERVER][INFO] both stacks are ench book
[17:15:19.471][DONE][SERVER][INFO] both stacks are ench book
[17:46:29.284][DONE][SERVER][INFO] rewarding Endurium XP: 42
[17:46:30.821][DONE][SERVER][INFO] rewarding Endurium XP: 21
[17:51:41.513][DONE][SERVER][INFO] rewarding Endurium XP: 38
[17:51:43.724][DONE][SERVER][INFO] rewarding Endurium XP: 23
